<?xml version="1.0" encoding="UTF-8"?>
<!-- Generated by org.testng.reporters.JUnitReportReporter -->
<testsuite hostname="Grievous-PC" name="serviceimpls.EmployeeServiceImplTestCase" tests="9" failures="0" timestamp="22 Jun 2011 16:31:37 GMT" time="0.166" errors="0">
  <testcase name="testCanUpdate" time="0.013" classname="serviceimpls.EmployeeServiceImplTestCase"/>
  <testcase name="testCanInsert" time="0.012" classname="serviceimpls.EmployeeServiceImplTestCase"/>
  <testcase name="testTheTruth" time="0.000" classname="serviceimpls.EmployeeServiceImplTestCase"/>
  <testcase name="testCanRemoveById" time="0.036" classname="serviceimpls.EmployeeServiceImplTestCase"/>
  <testcase name="testCanFindAll" time="0.012" classname="serviceimpls.EmployeeServiceImplTestCase"/>
  <testcase name="testCanFind" time="0.005" classname="serviceimpls.EmployeeServiceImplTestCase"/>
  <testcase name="testCanCountAll" time="0.066" classname="serviceimpls.EmployeeServiceImplTestCase"/>
  <testcase name="testEmployeeServiceIsNotNull" time="0.000" classname="serviceimpls.EmployeeServiceImplTestCase"/>
  <testcase name="testCanDeleteAll" time="0.022" classname="serviceimpls.EmployeeServiceImplTestCase"/>
</testsuite>
