<?xml version="1.0" encoding="UTF-8"?>
<!-- Generated by org.testng.reporters.JUnitReportReporter -->
<testsuite hostname="Grievous-PC" name="lib.RandomAlphaNumericStringGeneratorTestCase" tests="2" failures="0" timestamp="21 Jun 2011 17:28:41 GMT" time="0.046" errors="0">
  <testcase name="testRandomStringLengthAndAlphanumericness" time="0.045" classname="lib.RandomAlphaNumericStringGeneratorTestCase"/>
  <testcase name="testTheTruth" time="0.001" classname="lib.RandomAlphaNumericStringGeneratorTestCase"/>
</testsuite>
